<?xml version="1.0" encoding="utf-8"?>
<testsuites>
  <testsuite id="0" name="Errors" package="testsuite/Errors" tests="1" errors="0" failures="1" hostname="localhost" timestamp="2022-03-29T07:22:01.580122Z" time="0">
    <testcase name="Feature: /tests/features/wait/invalid.feature" time="0">
      <failure type="Parser Error" message="Failed to parse feature: Could not parse feature file: /tests/features/wait/invalid.feature" />
    </testcase>
  </testsuite>
  <testsuite id="1" name="Feature: Basic: /tests/features/wait/rule.feature" package="testsuite/Feature: Basic: /tests/features/wait/rule.feature" tests="2" errors="0" failures="1" hostname="localhost" timestamp="2022-03-29T07:22:01.574719Z" time="0.000673">
    <testcase name="Scenario: 1 sec: /tests/features/wait/rule.feature:6:3" time="0">
      <skipped />
    </testcase>
    <testcase name="Rule: rule: Scenario: 2 secs: /tests/features/wait/rule.feature:14:5" time="0.000673">
      <failure type="Step Panicked" message="Step panicked. Captured output: Too much!"><![CDATA[  Scenario: 2 secs
   ✔> Given 1 sec
   ✔  Given 2 secs
   ✔  When 2 secs
   ✘  Then 2 secs
      tests/junit.rs:9:1
      Step failed: /tests/features/wait/rule.feature:17:7
      Captured output:
      Step panicked. Captured output: Too much!
      World(
          4,
      )
]]></failure>
    </testcase>
  </testsuite>
  <testsuite id="2" name="Feature: Basic: /tests/features/wait/nested/rule.feature" package="testsuite/Feature: Basic: /tests/features/wait/nested/rule.feature" tests="2" errors="0" failures="1" hostname="localhost" timestamp="2022-03-29T07:22:01.576081Z" time="0.000137">
    <testcase name="Scenario: 1 sec: /tests/features/wait/nested/rule.feature:6:3" time="0">
      <skipped />
    </testcase>
    <testcase name="Rule: rule: Scenario: 2 secs: /tests/features/wait/nested/rule.feature:14:5" time="0.000137">
      <failure type="Step Panicked" message="Step panicked. Captured output: Too much!"><![CDATA[  Scenario: 2 secs
   ✔> Given 1 sec
   ✔  Given 2 secs
   ✔  When 2 secs
   ✘  Then 2 secs
      tests/junit.rs:9:1
      Step failed: /tests/features/wait/nested/rule.feature:17:7
      Captured output:
      Step panicked. Captured output: Too much!
      World(
          4,
      )
]]></failure>
    </testcase>
  </testsuite>
  <testsuite id="3" name="Feature: Outline: /tests/features/wait/outline.feature" package="testsuite/Feature: Outline: /tests/features/wait/outline.feature" tests="4" errors="0" failures="0" hostname="localhost" timestamp="2022-03-29T07:22:01.576909Z" time="0.00034">
    <testcase name="Scenario: wait: /tests/features/wait/outline.feature:14:5" time="0.000085">
      <system-out><![CDATA[  Scenario Outline: wait
   ✔  Given 2 secs
   ✔  When 2 secs
   ✔  Then 2 secs
]]></system-out>
    </testcase>
    <testcase name="Scenario: wait: /tests/features/wait/outline.feature:15:5" time="0.000081">
      <system-out><![CDATA[  Scenario Outline: wait
   ✔  Given 1 secs
   ✔  When 1 secs
   ✔  Then 1 secs
]]></system-out>
    </testcase>
    <testcase name="Scenario: wait: /tests/features/wait/outline.feature:16:5" time="0.000093">
      <system-out><![CDATA[  Scenario Outline: wait
   ✔  Given 1 secs
   ✔  When 1 secs
   ✔  Then 1 secs
]]></system-out>
    </testcase>
    <testcase name="Scenario: wait: /tests/features/wait/outline.feature:21:5" time="0.000081">
      <system-out><![CDATA[  Scenario Outline: wait
   ✔  Given 5 secs
   ✔  When 5 secs
   ✔  Then 5 secs
]]></system-out>
    </testcase>
  </testsuite>
  <testsuite id="4" name="Feature: Rule Outline: /tests/features/wait/rule_outline.feature" package="testsuite/Feature: Rule Outline: /tests/features/wait/rule_outline.feature" tests="4" errors="0" failures="0" hostname="localhost" timestamp="2022-03-29T07:22:01.576911Z" time="0.000336">
    <testcase name="Rule: To them all: Scenario: wait: /tests/features/wait/rule_outline.feature:11:7" time="0.000082">
      <system-out><![CDATA[  Scenario Outline: wait
   ✔  Given 2 secs
   ✔  When 2 secs
   ✔  Then 2 secs
]]></system-out>
    </testcase>
    <testcase name="Rule: To them all: Scenario: wait: /tests/features/wait/rule_outline.feature:12:7" time="0.000086">
      <system-out><![CDATA[  Scenario Outline: wait
   ✔  Given 1 secs
   ✔  When 1 secs
   ✔  Then 1 secs
]]></system-out>
    </testcase>
    <testcase name="Rule: To them all: Scenario: wait: /tests/features/wait/rule_outline.feature:13:7" time="0.000086">
      <system-out><![CDATA[  Scenario Outline: wait
   ✔  Given 1 secs
   ✔  When 1 secs
   ✔  Then 1 secs
]]></system-out>
    </testcase>
    <testcase name="Rule: To them all: Scenario: wait: /tests/features/wait/rule_outline.feature:14:7" time="0.000082">
      <system-out><![CDATA[  Scenario Outline: wait
   ✔  Given 5 secs
   ✔  When 5 secs
   ✔  Then 5 secs
]]></system-out>
    </testcase>
  </testsuite>
</testsuites>
