<?xml version="1.0" encoding="utf-8"?><testsuites><testsuite id="0" name="Errors" package="testsuite/Errors" tests="1" errors="0" failures="1" hostname="localhost" timestamp="2026-04-23T14:43:08.394602Z" time="0"><testcase name="Feature: tests/features/wait/invalid.feature" time="0"><failure type="Parser Error" message="Failed to parse feature: Could not parse feature file: /Users/tyranron/Job/projects/cucumber-rs/cucumber/tests/features/wait/invalid.feature"/></testcase></testsuite><testsuite id="1" name="Feature: Basic: tests/features/wait/rule.feature" package="testsuite/Feature: Basic: tests/features/wait/rule.feature" tests="3" errors="0" failures="2" hostname="localhost" timestamp="2026-04-23T14:43:08.394492Z" time="0.004115"><testcase name="Scenario: 1 sec: tests/features/wait/rule.feature:6:3" time="0.000828"><failure type="Step Panicked" message="Step doesn&apos;t match any function"/><system-out><![CDATA[  Scenario: 1 sec
 INFO scenario:before hook: junit: before
 INFO scenario:background step: junit: step
   ✔> Given 1 sec
 INFO scenario:step: junit: step
   ✔  Given 1 sec
 INFO scenario:step: junit: step
   ✔  When 1 sec
   ✘  Then unknown
      Step failed:
      Defined: tests/features/wait/rule.feature:9:5
      Step doesn't match any function
 INFO scenario:after hook: junit: after
]]></system-out></testcase><testcase name="Rule: rule: Scenario: 2 secs: tests/features/wait/rule.feature:21:5" time="0.003287"><failure type="Step Panicked" message="Step panicked. Captured output: Too much!"/><system-out><![CDATA[  Scenario: 2 secs
 INFO scenario:before hook: junit: before
 INFO scenario:background step: junit: step
   ✔> Given 1 sec
 INFO scenario:step: junit: step
   ✔  Given 2 secs
 INFO scenario:step: junit: step
   ✔  When 2 secs
 INFO scenario:after hook: junit: after
   ✘  Then 2 secs
      Step failed:
      Defined: tests/features/wait/rule.feature:24:7
      Matched: tests/junit.rs:16:1
      Step panicked. Captured output: Too much!
      World(
          4,
      )
]]></system-out></testcase><testcase name="Scenario: 1 sec: tests/features/wait/rule.feature:13:3" time="0"><skipped/><system-out><![CDATA[  Scenario: 1 sec
 INFO scenario:before hook: junit: before
 INFO scenario:background step: junit: step
   ✔> Given 1 sec
 INFO scenario:step: junit: step
   ✔  Given 1 sec
 INFO scenario:step: junit: step
   ✔  When 1 sec
   ?  Then unknown
      Step skipped: tests/features/wait/rule.feature:16:5
 INFO scenario:after hook: junit: after
]]></system-out></testcase></testsuite><testsuite id="2" name="Feature: Basic: tests/features/wait/nested/rule.feature" package="testsuite/Feature: Basic: tests/features/wait/nested/rule.feature" tests="3" errors="0" failures="2" hostname="localhost" timestamp="2026-04-23T14:43:08.39535Z" time="0.003823"><testcase name="Scenario: 1 sec: tests/features/wait/nested/rule.feature:6:3" time="0.000552"><failure type="Step Panicked" message="Step doesn&apos;t match any function"/><system-out><![CDATA[  Scenario: 1 sec
 INFO scenario:before hook: junit: before
 INFO scenario:background step: junit: step
   ✔> Given 1 sec
 INFO scenario:step: junit: step
   ✔  Given 1 sec
 INFO scenario:step: junit: step
   ✔  When 1 sec
   ✘  Then unknown
      Step failed:
      Defined: tests/features/wait/nested/rule.feature:9:5
      Step doesn't match any function
 INFO scenario:after hook: junit: after
]]></system-out></testcase><testcase name="Rule: rule: Scenario: 2 secs: tests/features/wait/nested/rule.feature:21:5" time="0.003271"><failure type="Step Panicked" message="Step panicked. Captured output: Too much!"/><system-out><![CDATA[  Scenario: 2 secs
 INFO scenario:before hook: junit: before
 INFO scenario:background step: junit: step
   ✔> Given 1 sec
 INFO scenario:step: junit: step
   ✔  Given 2 secs
 INFO scenario:step: junit: step
   ✔  When 2 secs
 INFO scenario:after hook: junit: after
   ✘  Then 2 secs
      Step failed:
      Defined: tests/features/wait/nested/rule.feature:24:7
      Matched: tests/junit.rs:16:1
      Step panicked. Captured output: Too much!
      World(
          4,
      )
]]></system-out></testcase><testcase name="Scenario: 1 sec: tests/features/wait/nested/rule.feature:13:3" time="0"><skipped/><system-out><![CDATA[  Scenario: 1 sec
 INFO scenario:before hook: junit: before
 INFO scenario:background step: junit: step
   ✔> Given 1 sec
 INFO scenario:step: junit: step
   ✔  Given 1 sec
 INFO scenario:step: junit: step
   ✔  When 1 sec
   ?  Then unknown
      Step skipped: tests/features/wait/nested/rule.feature:16:5
 INFO scenario:after hook: junit: after
]]></system-out></testcase></testsuite><testsuite id="3" name="Feature: Outline: tests/features/wait/outline.feature" package="testsuite/Feature: Outline: tests/features/wait/outline.feature" tests="4" errors="0" failures="0" hostname="localhost" timestamp="2026-04-23T14:43:08.395918Z" time="0.012759"><testcase name="Scenario: wait: tests/features/wait/outline.feature:14:5" time="0.003207"><system-out><![CDATA[  Scenario Outline: wait
 INFO scenario:before hook: junit: before
 INFO scenario:step: junit: step
   ✔  Given 2 secs
 INFO scenario:step: junit: step
   ✔  When 2 secs
 INFO scenario:step: junit: step
   ✔  Then 2 secs
 INFO scenario:after hook: junit: after
]]></system-out></testcase><testcase name="Scenario: wait: tests/features/wait/outline.feature:15:5" time="0.003199"><system-out><![CDATA[  Scenario Outline: wait
 INFO scenario:before hook: junit: before
 INFO scenario:step: junit: step
   ✔  Given 1 secs
 INFO scenario:step: junit: step
   ✔  When 1 secs
 INFO scenario:step: junit: step
   ✔  Then 1 secs
 INFO scenario:after hook: junit: after
]]></system-out></testcase><testcase name="Scenario: wait: tests/features/wait/outline.feature:16:5" time="0.003175"><system-out><![CDATA[  Scenario Outline: wait
 INFO scenario:before hook: junit: before
 INFO scenario:step: junit: step
   ✔  Given 1 secs
 INFO scenario:step: junit: step
   ✔  When 1 secs
 INFO scenario:step: junit: step
   ✔  Then 1 secs
 INFO scenario:after hook: junit: after
]]></system-out></testcase><testcase name="Scenario: wait: tests/features/wait/outline.feature:21:5" time="0.003178"><system-out><![CDATA[  Scenario Outline: wait
 INFO scenario:before hook: junit: before
 INFO scenario:step: junit: step
   ✔  Given 5 secs
 INFO scenario:step: junit: step
   ✔  When 5 secs
 INFO scenario:step: junit: step
   ✔  Then 5 secs
 INFO scenario:after hook: junit: after
]]></system-out></testcase></testsuite><testsuite id="4" name="Feature: Rule Outline: tests/features/wait/rule_outline.feature" package="testsuite/Feature: Rule Outline: tests/features/wait/rule_outline.feature" tests="4" errors="0" failures="0" hostname="localhost" timestamp="2026-04-23T14:43:08.395918Z" time="0.012552"><testcase name="Rule: To them all: Scenario: wait: tests/features/wait/rule_outline.feature:11:7" time="0.003152"><system-out><![CDATA[  Scenario Outline: wait
 INFO scenario:before hook: junit: before
 INFO scenario:step: junit: step
   ✔  Given 2 secs
 INFO scenario:step: junit: step
   ✔  When 2 secs
 INFO scenario:step: junit: step
   ✔  Then 2 secs
 INFO scenario:after hook: junit: after
]]></system-out></testcase><testcase name="Rule: To them all: Scenario: wait: tests/features/wait/rule_outline.feature:12:7" time="0.003147"><system-out><![CDATA[  Scenario Outline: wait
 INFO scenario:before hook: junit: before
 INFO scenario:step: junit: step
   ✔  Given 1 secs
 INFO scenario:step: junit: step
   ✔  When 1 secs
 INFO scenario:step: junit: step
   ✔  Then 1 secs
 INFO scenario:after hook: junit: after
]]></system-out></testcase><testcase name="Rule: To them all: Scenario: wait: tests/features/wait/rule_outline.feature:13:7" time="0.00314"><system-out><![CDATA[  Scenario Outline: wait
 INFO scenario:before hook: junit: before
 INFO scenario:step: junit: step
   ✔  Given 1 secs
 INFO scenario:step: junit: step
   ✔  When 1 secs
 INFO scenario:step: junit: step
   ✔  Then 1 secs
 INFO scenario:after hook: junit: after
]]></system-out></testcase><testcase name="Rule: To them all: Scenario: wait: tests/features/wait/rule_outline.feature:14:7" time="0.003113"><system-out><![CDATA[  Scenario Outline: wait
 INFO scenario:before hook: junit: before
 INFO scenario:step: junit: step
   ✔  Given 5 secs
 INFO scenario:step: junit: step
   ✔  When 5 secs
 INFO scenario:step: junit: step
   ✔  Then 5 secs
 INFO scenario:after hook: junit: after
]]></system-out></testcase></testsuite></testsuites>